2021-11-08 14:20:43:462  [TID      28624][INFO    ] Default Logger initialized [dmvcframework]
2021-11-08 14:20:43:462  [TID      28624][INFO    ] Server started on port 8080 [dmvcframework]
2021-11-08 14:21:36:593  [TID        872][INFO    ] ENTER: Config default values [dmvcframework]
2021-11-08 14:21:36:593  [TID        872][INFO    ] EXIT: Config default values [dmvcframework]
2021-11-08 14:21:36:593  [TID        872][INFO    ] >> Custom configuration method [dmvcframework]
2021-11-08 14:21:36:593  [TID        872][INFO    ] << Custom configuration method [dmvcframework]
2021-11-08 14:21:36:593  [TID        872][INFO    ] ENTER: LoadSystemControllers [dmvcframework]
2021-11-08 14:21:36:593  [TID        872][INFO    ] EXIT: LoadSystemControllers [dmvcframework]
2021-11-08 14:21:36:595  [TID        872][INFO    ] GET:/api/customer/1 [0:0:0:0:0:0:0:1] -> {NOT FOUND} - 404 Not Found [dmvcframework]
2021-11-08 14:21:36:595  [TID        872][ERROR   ] [EMVCException] Not Found (Custom message: "GET /api/customer/1") [dmvcframework]
2021-11-08 14:21:49:148  [TID       9828][INFO    ] Default Logger initialized [dmvcframework]
2021-11-08 14:21:49:148  [TID       9828][INFO    ] Server started on port 8080 [dmvcframework]
2021-11-08 14:21:50:085  [TID       1336][INFO    ] ENTER: Config default values [dmvcframework]
2021-11-08 14:21:50:085  [TID       1336][INFO    ] EXIT: Config default values [dmvcframework]
2021-11-08 14:21:50:085  [TID       1336][INFO    ] >> Custom configuration method [dmvcframework]
2021-11-08 14:21:50:085  [TID       1336][INFO    ] << Custom configuration method [dmvcframework]
2021-11-08 14:21:50:085  [TID       1336][INFO    ] ENTER: LoadSystemControllers [dmvcframework]
2021-11-08 14:21:50:085  [TID       1336][INFO    ] EXIT: LoadSystemControllers [dmvcframework]
2021-11-08 14:21:50:100  [TID       1336][ERROR   ] [Exception] Unknown connection default (Custom message: "Cannot create controller") [dmvcframework]
2021-11-08 14:21:50:100  [TID       1336][ERROR   ] [EMVCException] Cannot create controller (Custom message: "") [dmvcframework]
2021-11-08 14:23:00:237  [TID      29040][INFO    ] Default Logger initialized [dmvcframework]
2021-11-08 14:23:00:237  [TID      29040][INFO    ] Server started on port 8080 [dmvcframework]
2021-11-08 14:23:01:269  [TID       6328][INFO    ] ENTER: Config default values [dmvcframework]
2021-11-08 14:23:01:269  [TID       6328][INFO    ] EXIT: Config default values [dmvcframework]
2021-11-08 14:23:01:269  [TID       6328][INFO    ] >> Custom configuration method [dmvcframework]
2021-11-08 14:23:01:269  [TID       6328][INFO    ] << Custom configuration method [dmvcframework]
2021-11-08 14:23:01:269  [TID       6328][INFO    ] ENTER: LoadSystemControllers [dmvcframework]
2021-11-08 14:23:01:269  [TID       6328][INFO    ] EXIT: LoadSystemControllers [dmvcframework]
2021-11-08 14:23:01:270  [TID       6328][ERROR   ] [Exception] Unknown connection default (Custom message: "Cannot create controller") [dmvcframework]
2021-11-08 14:23:01:270  [TID       6328][ERROR   ] [EMVCException] Cannot create controller (Custom message: "") [dmvcframework]
2021-11-08 14:23:02:411  [TID       6328][ERROR   ] [Exception] Unknown connection default (Custom message: "Cannot create controller") [dmvcframework]
2021-11-08 14:23:02:411  [TID       6328][ERROR   ] [EMVCException] Cannot create controller (Custom message: "") [dmvcframework]
2021-11-08 14:23:09:337  [TID       8396][INFO    ] Default Logger initialized [dmvcframework]
2021-11-08 14:23:09:355  [TID       8396][INFO    ] Server started on port 8080 [dmvcframework]
2021-11-08 14:23:10:723  [TID      20612][INFO    ] ENTER: Config default values [dmvcframework]
2021-11-08 14:23:10:723  [TID      20612][INFO    ] EXIT: Config default values [dmvcframework]
2021-11-08 14:23:10:723  [TID      20612][INFO    ] >> Custom configuration method [dmvcframework]
2021-11-08 14:23:10:723  [TID      20612][INFO    ] << Custom configuration method [dmvcframework]
2021-11-08 14:23:10:723  [TID      20612][INFO    ] ENTER: LoadSystemControllers [dmvcframework]
2021-11-08 14:23:10:723  [TID      20612][INFO    ] EXIT: LoadSystemControllers [dmvcframework]
2021-11-08 14:23:26:940  [TID      26112][INFO    ] Default Logger initialized [dmvcframework]
2021-11-08 14:23:26:940  [TID      26112][INFO    ] Server started on port 8080 [dmvcframework]
2021-11-08 14:23:28:030  [TID      10600][INFO    ] ENTER: Config default values [dmvcframework]
2021-11-08 14:23:28:030  [TID      10600][INFO    ] EXIT: Config default values [dmvcframework]
2021-11-08 14:23:28:030  [TID      10600][INFO    ] >> Custom configuration method [dmvcframework]
2021-11-08 14:23:28:030  [TID      10600][INFO    ] << Custom configuration method [dmvcframework]
2021-11-08 14:23:28:030  [TID      10600][INFO    ] ENTER: LoadSystemControllers [dmvcframework]
2021-11-08 14:23:28:030  [TID      10600][INFO    ] EXIT: LoadSystemControllers [dmvcframework]
2021-11-08 14:23:28:109  [TID      10600][INFO    ] GET:/api/customer/1 [0:0:0:0:0:0:0:1] -> Customer.Controller.TCustomerController.GetCustomerByID - 200 OK [dmvcframework]
2021-11-08 14:23:30:689  [TID      10600][INFO    ] GET:/api/customer/2 [0:0:0:0:0:0:0:1] -> Customer.Controller.TCustomerController.GetCustomerByID - 200 OK [dmvcframework]
2021-11-08 14:23:33:210  [TID      10600][INFO    ] GET:/api/customer/3 [0:0:0:0:0:0:0:1] -> Customer.Controller.TCustomerController.GetCustomerByID - 200 OK [dmvcframework]
2021-11-08 14:23:35:402  [TID      10600][INFO    ] GET:/api/customer/4 [0:0:0:0:0:0:0:1] -> Customer.Controller.TCustomerController.GetCustomerByID - 200 OK [dmvcframework]
2021-11-08 14:39:59:383  [TID      10640][INFO    ] Default Logger initialized [dmvcframework]
2021-11-08 14:39:59:383  [TID      10640][INFO    ] Server started on port 8080 [dmvcframework]
2021-11-08 14:40:11:865  [TID      10584][INFO    ] ENTER: Config default values [dmvcframework]
2021-11-08 14:40:11:865  [TID      10584][INFO    ] EXIT: Config default values [dmvcframework]
2021-11-08 14:40:11:865  [TID      10584][INFO    ] >> Custom configuration method [dmvcframework]
2021-11-08 14:40:11:865  [TID      10584][INFO    ] << Custom configuration method [dmvcframework]
2021-11-08 14:40:11:867  [TID      10584][INFO    ] ENTER: LoadSystemControllers [dmvcframework]
2021-11-08 14:40:11:867  [TID      10584][INFO    ] EXIT: LoadSystemControllers [dmvcframework]
2021-11-08 14:40:12:002  [TID      10584][INFO    ] GET:/api/customer/4 [0:0:0:0:0:0:0:1] -> Customer.Controller.TCustomerController.GetCustomerByID - 200 OK [dmvcframework]
2021-11-08 14:40:13:476  [TID      10584][INFO    ] GET:/api/customer/4 [0:0:0:0:0:0:0:1] -> Customer.Controller.TCustomerController.GetCustomerByID - 200 OK [dmvcframework]
2021-11-08 14:40:16:314  [TID      10584][INFO    ] GET:/api/customer/2 [0:0:0:0:0:0:0:1] -> Customer.Controller.TCustomerController.GetCustomerByID - 200 OK [dmvcframework]
2021-11-08 14:40:19:295  [TID      10584][INFO    ] GET:/api/customer/1 [0:0:0:0:0:0:0:1] -> Customer.Controller.TCustomerController.GetCustomerByID - 200 OK [dmvcframework]
2021-11-08 14:42:35:275  [TID      18688][INFO    ] Default Logger initialized [dmvcframework]
2021-11-08 14:42:35:276  [TID      18688][INFO    ] Server started on port 8080 [dmvcframework]
2021-11-08 14:42:58:265  [TID      10200][INFO    ] Default Logger initialized [dmvcframework]
2021-11-08 14:42:58:265  [TID      10200][INFO    ] Server started on port 8080 [dmvcframework]
2021-11-08 14:43:04:058  [TID      14104][INFO    ] ENTER: Config default values [dmvcframework]
2021-11-08 14:43:04:058  [TID      14104][INFO    ] EXIT: Config default values [dmvcframework]
2021-11-08 14:43:04:058  [TID      14104][INFO    ] >> Custom configuration method [dmvcframework]
2021-11-08 14:43:04:058  [TID      14104][INFO    ] << Custom configuration method [dmvcframework]
2021-11-08 14:43:04:058  [TID      14104][INFO    ] ENTER: LoadSystemControllers [dmvcframework]
2021-11-08 14:43:04:058  [TID      14104][INFO    ] EXIT: LoadSystemControllers [dmvcframework]
2021-11-08 14:43:04:139  [TID      14104][INFO    ] GET:/api/customer/1 [0:0:0:0:0:0:0:1] -> Customer.Controller.TCustomerController.GetCustomerByID - 200 OK [dmvcframework]
2021-11-08 14:43:04:724  [TID      14104][INFO    ] GET:/api/customer/1 [0:0:0:0:0:0:0:1] -> Customer.Controller.TCustomerController.GetCustomerByID - 200 OK [dmvcframework]
2021-11-08 14:43:05:566  [TID      14104][INFO    ] GET:/api/customer/1 [0:0:0:0:0:0:0:1] -> Customer.Controller.TCustomerController.GetCustomerByID - 200 OK [dmvcframework]
2021-11-08 14:43:06:235  [TID      14104][INFO    ] GET:/api/customer/1 [0:0:0:0:0:0:0:1] -> Customer.Controller.TCustomerController.GetCustomerByID - 200 OK [dmvcframework]
2021-11-08 14:43:06:870  [TID      14104][INFO    ] GET:/api/customer/1 [0:0:0:0:0:0:0:1] -> Customer.Controller.TCustomerController.GetCustomerByID - 200 OK [dmvcframework]
2021-11-08 14:43:07:432  [TID      14104][INFO    ] GET:/api/customer/1 [0:0:0:0:0:0:0:1] -> Customer.Controller.TCustomerController.GetCustomerByID - 200 OK [dmvcframework]
2021-11-08 14:43:08:020  [TID      14104][INFO    ] GET:/api/customer/1 [0:0:0:0:0:0:0:1] -> Customer.Controller.TCustomerController.GetCustomerByID - 200 OK [dmvcframework]
2021-11-08 14:43:08:487  [TID      14104][INFO    ] GET:/api/customer/1 [0:0:0:0:0:0:0:1] -> Customer.Controller.TCustomerController.GetCustomerByID - 200 OK [dmvcframework]
2021-11-08 14:43:08:933  [TID      14104][INFO    ] GET:/api/customer/1 [0:0:0:0:0:0:0:1] -> Customer.Controller.TCustomerController.GetCustomerByID - 200 OK [dmvcframework]
2021-11-08 15:09:44:577  [TID      10208][INFO    ] Default Logger initialized [dmvcframework]
2021-11-08 15:09:44:599  [TID      10208][INFO    ] Server started on port 8080 [dmvcframework]
2021-11-08 15:09:49:470  [TID      23748][INFO    ] ENTER: Config default values [dmvcframework]
2021-11-08 15:09:49:470  [TID      23748][INFO    ] EXIT: Config default values [dmvcframework]
2021-11-08 15:09:49:470  [TID      23748][INFO    ] >> Custom configuration method [dmvcframework]
2021-11-08 15:09:49:470  [TID      23748][INFO    ] << Custom configuration method [dmvcframework]
2021-11-08 15:09:49:470  [TID      23748][INFO    ] ENTER: LoadSystemControllers [dmvcframework]
2021-11-08 15:09:49:470  [TID      23748][INFO    ] EXIT: LoadSystemControllers [dmvcframework]
2021-11-08 15:10:14:302  [TID      25952][INFO    ] Default Logger initialized [dmvcframework]
2021-11-08 15:10:14:328  [TID      25952][INFO    ] Server started on port 8080 [dmvcframework]
2021-11-08 15:10:14:903  [TID      29060][INFO    ] ENTER: Config default values [dmvcframework]
2021-11-08 15:10:14:903  [TID      29060][INFO    ] EXIT: Config default values [dmvcframework]
2021-11-08 15:10:14:903  [TID      29060][INFO    ] >> Custom configuration method [dmvcframework]
2021-11-08 15:10:14:903  [TID      29060][INFO    ] << Custom configuration method [dmvcframework]
2021-11-08 15:10:14:903  [TID      29060][INFO    ] ENTER: LoadSystemControllers [dmvcframework]
2021-11-08 15:10:14:903  [TID      29060][INFO    ] EXIT: LoadSystemControllers [dmvcframework]
2021-11-08 15:14:36:799  [TID       1256][INFO    ] Default Logger initialized [dmvcframework]
2021-11-08 15:14:36:815  [TID       1256][INFO    ] Server started on port 8080 [dmvcframework]
2021-11-08 15:14:41:103  [TID       5360][INFO    ] ENTER: Config default values [dmvcframework]
2021-11-08 15:14:41:103  [TID       5360][INFO    ] EXIT: Config default values [dmvcframework]
2021-11-08 15:14:41:103  [TID       5360][INFO    ] >> Custom configuration method [dmvcframework]
2021-11-08 15:14:41:103  [TID       5360][INFO    ] << Custom configuration method [dmvcframework]
2021-11-08 15:14:41:103  [TID       5360][INFO    ] ENTER: LoadSystemControllers [dmvcframework]
2021-11-08 15:14:41:103  [TID       5360][INFO    ] EXIT: LoadSystemControllers [dmvcframework]
2021-11-08 15:14:43:173  [TID       5360][INFO    ] GET:/api/customer/1 [0:0:0:0:0:0:0:1] -> Customer.Controller.TCustomerController.GetCustomerByID - 200 OK [dmvcframework]
2021-11-08 15:14:59:390  [TID      11180][INFO    ] Default Logger initialized [dmvcframework]
2021-11-08 15:14:59:390  [TID      11180][INFO    ] Server started on port 8080 [dmvcframework]
2021-11-08 15:15:01:186  [TID       6668][INFO    ] ENTER: Config default values [dmvcframework]
2021-11-08 15:15:01:186  [TID       6668][INFO    ] EXIT: Config default values [dmvcframework]
2021-11-08 15:15:01:186  [TID       6668][INFO    ] >> Custom configuration method [dmvcframework]
2021-11-08 15:15:01:186  [TID       6668][INFO    ] << Custom configuration method [dmvcframework]
2021-11-08 15:15:01:186  [TID       6668][INFO    ] ENTER: LoadSystemControllers [dmvcframework]
2021-11-08 15:15:01:186  [TID       6668][INFO    ] EXIT: LoadSystemControllers [dmvcframework]
2021-11-08 15:15:01:207  [TID       6668][INFO    ] GET:/api/customer/1 [0:0:0:0:0:0:0:1] -> Customer.Controller.TCustomerController.GetCustomerByID - 200 OK [dmvcframework]
2021-11-08 15:15:01:977  [TID       6668][INFO    ] GET:/api/customer/1 [0:0:0:0:0:0:0:1] -> Customer.Controller.TCustomerController.GetCustomerByID - 200 OK [dmvcframework]
2021-11-08 15:15:02:582  [TID       6668][INFO    ] GET:/api/customer/1 [0:0:0:0:0:0:0:1] -> Customer.Controller.TCustomerController.GetCustomerByID - 200 OK [dmvcframework]
2021-11-08 15:19:46:269  [TID      29460][INFO    ] Default Logger initialized [dmvcframework]
2021-11-08 15:19:46:269  [TID      29460][INFO    ] Server started on port 8080 [dmvcframework]
2021-11-08 15:19:49:224  [TID      13456][INFO    ] ENTER: Config default values [dmvcframework]
2021-11-08 15:19:49:224  [TID      13456][INFO    ] EXIT: Config default values [dmvcframework]
2021-11-08 15:19:49:224  [TID      13456][INFO    ] >> Custom configuration method [dmvcframework]
2021-11-08 15:19:49:224  [TID      13456][INFO    ] << Custom configuration method [dmvcframework]
2021-11-08 15:19:49:226  [TID      13456][INFO    ] ENTER: LoadSystemControllers [dmvcframework]
2021-11-08 15:19:49:226  [TID      13456][INFO    ] EXIT: LoadSystemControllers [dmvcframework]
2021-11-08 15:19:49:240  [TID      13456][INFO    ] GET:/api/customer/1 [0:0:0:0:0:0:0:1] -> Customer.Controller.TCustomerController.GetCustomerByID - 200 OK [dmvcframework]
2021-11-08 15:19:50:353  [TID      13456][INFO    ] GET:/api/customer/1 [0:0:0:0:0:0:0:1] -> Customer.Controller.TCustomerController.GetCustomerByID - 200 OK [dmvcframework]
2021-11-08 15:19:51:220  [TID      13456][INFO    ] GET:/api/customer/1 [0:0:0:0:0:0:0:1] -> Customer.Controller.TCustomerController.GetCustomerByID - 200 OK [dmvcframework]
2021-11-08 15:19:51:978  [TID      13456][INFO    ] GET:/api/customer/1 [0:0:0:0:0:0:0:1] -> Customer.Controller.TCustomerController.GetCustomerByID - 200 OK [dmvcframework]
2021-11-08 15:19:52:774  [TID      13456][INFO    ] GET:/api/customer/1 [0:0:0:0:0:0:0:1] -> Customer.Controller.TCustomerController.GetCustomerByID - 200 OK [dmvcframework]
2021-11-08 15:19:53:554  [TID      13456][INFO    ] GET:/api/customer/1 [0:0:0:0:0:0:0:1] -> Customer.Controller.TCustomerController.GetCustomerByID - 200 OK [dmvcframework]
2021-11-08 15:19:54:338  [TID      13456][INFO    ] GET:/api/customer/1 [0:0:0:0:0:0:0:1] -> Customer.Controller.TCustomerController.GetCustomerByID - 200 OK [dmvcframework]
2021-11-08 15:19:55:082  [TID      13456][INFO    ] GET:/api/customer/1 [0:0:0:0:0:0:0:1] -> Customer.Controller.TCustomerController.GetCustomerByID - 200 OK [dmvcframework]
2021-11-08 15:19:56:014  [TID      13456][INFO    ] GET:/api/customer/1 [0:0:0:0:0:0:0:1] -> Customer.Controller.TCustomerController.GetCustomerByID - 200 OK [dmvcframework]
2021-11-08 15:19:56:908  [TID      13456][INFO    ] GET:/api/customer/1 [0:0:0:0:0:0:0:1] -> Customer.Controller.TCustomerController.GetCustomerByID - 200 OK [dmvcframework]
2021-11-08 15:19:57:728  [TID      13456][INFO    ] GET:/api/customer/1 [0:0:0:0:0:0:0:1] -> Customer.Controller.TCustomerController.GetCustomerByID - 200 OK [dmvcframework]
2021-11-08 15:19:58:615  [TID      13456][INFO    ] GET:/api/customer/1 [0:0:0:0:0:0:0:1] -> Customer.Controller.TCustomerController.GetCustomerByID - 200 OK [dmvcframework]
2021-11-08 15:19:59:439  [TID      13456][INFO    ] GET:/api/customer/1 [0:0:0:0:0:0:0:1] -> Customer.Controller.TCustomerController.GetCustomerByID - 200 OK [dmvcframework]
2021-11-08 15:20:00:207  [TID      13456][INFO    ] GET:/api/customer/1 [0:0:0:0:0:0:0:1] -> Customer.Controller.TCustomerController.GetCustomerByID - 200 OK [dmvcframework]
2021-11-08 15:20:01:033  [TID      13456][INFO    ] GET:/api/customer/1 [0:0:0:0:0:0:0:1] -> Customer.Controller.TCustomerController.GetCustomerByID - 200 OK [dmvcframework]
2021-11-08 15:20:01:824  [TID      13456][INFO    ] GET:/api/customer/1 [0:0:0:0:0:0:0:1] -> Customer.Controller.TCustomerController.GetCustomerByID - 200 OK [dmvcframework]
2021-11-08 15:20:02:646  [TID      13456][INFO    ] GET:/api/customer/1 [0:0:0:0:0:0:0:1] -> Customer.Controller.TCustomerController.GetCustomerByID - 200 OK [dmvcframework]
2021-11-08 15:20:03:372  [TID      13456][INFO    ] GET:/api/customer/1 [0:0:0:0:0:0:0:1] -> Customer.Controller.TCustomerController.GetCustomerByID - 200 OK [dmvcframework]
2021-11-08 15:20:04:096  [TID      13456][INFO    ] GET:/api/customer/1 [0:0:0:0:0:0:0:1] -> Customer.Controller.TCustomerController.GetCustomerByID - 200 OK [dmvcframework]
2021-11-08 15:20:04:757  [TID      13456][INFO    ] GET:/api/customer/1 [0:0:0:0:0:0:0:1] -> Customer.Controller.TCustomerController.GetCustomerByID - 200 OK [dmvcframework]
2021-11-08 15:20:05:493  [TID      13456][INFO    ] GET:/api/customer/1 [0:0:0:0:0:0:0:1] -> Customer.Controller.TCustomerController.GetCustomerByID - 200 OK [dmvcframework]
2021-11-08 15:20:06:419  [TID      13456][INFO    ] GET:/api/customer/1 [0:0:0:0:0:0:0:1] -> Customer.Controller.TCustomerController.GetCustomerByID - 200 OK [dmvcframework]
2021-11-08 15:20:07:360  [TID      13456][INFO    ] GET:/api/customer/1 [0:0:0:0:0:0:0:1] -> Customer.Controller.TCustomerController.GetCustomerByID - 200 OK [dmvcframework]
2021-11-08 15:20:08:072  [TID      13456][INFO    ] GET:/api/customer/1 [0:0:0:0:0:0:0:1] -> Customer.Controller.TCustomerController.GetCustomerByID - 200 OK [dmvcframework]
2021-11-08 15:20:08:831  [TID      13456][INFO    ] GET:/api/customer/1 [0:0:0:0:0:0:0:1] -> Customer.Controller.TCustomerController.GetCustomerByID - 200 OK [dmvcframework]
2021-11-08 15:20:09:593  [TID      13456][INFO    ] GET:/api/customer/1 [0:0:0:0:0:0:0:1] -> Customer.Controller.TCustomerController.GetCustomerByID - 200 OK [dmvcframework]
2021-11-08 15:20:10:320  [TID      13456][INFO    ] GET:/api/customer/1 [0:0:0:0:0:0:0:1] -> Customer.Controller.TCustomerController.GetCustomerByID - 200 OK [dmvcframework]
2021-11-08 15:20:10:962  [TID      13456][INFO    ] GET:/api/customer/1 [0:0:0:0:0:0:0:1] -> Customer.Controller.TCustomerController.GetCustomerByID - 200 OK [dmvcframework]
2021-11-08 15:20:11:597  [TID      13456][INFO    ] GET:/api/customer/1 [0:0:0:0:0:0:0:1] -> Customer.Controller.TCustomerController.GetCustomerByID - 200 OK [dmvcframework]
2021-11-08 15:20:12:287  [TID      13456][INFO    ] GET:/api/customer/1 [0:0:0:0:0:0:0:1] -> Customer.Controller.TCustomerController.GetCustomerByID - 200 OK [dmvcframework]
2021-11-08 15:20:12:943  [TID      13456][INFO    ] GET:/api/customer/1 [0:0:0:0:0:0:0:1] -> Customer.Controller.TCustomerController.GetCustomerByID - 200 OK [dmvcframework]
2021-11-08 15:20:13:656  [TID      13456][INFO    ] GET:/api/customer/1 [0:0:0:0:0:0:0:1] -> Customer.Controller.TCustomerController.GetCustomerByID - 200 OK [dmvcframework]
2021-11-08 15:21:20:391  [TID       6668][INFO    ] Default Logger initialized [dmvcframework]
2021-11-08 15:21:20:391  [TID       6668][INFO    ] Server started on port 8080 [dmvcframework]
2021-11-08 15:21:25:173  [TID      27548][INFO    ] ENTER: Config default values [dmvcframework]
2021-11-08 15:21:25:173  [TID      27548][INFO    ] EXIT: Config default values [dmvcframework]
2021-11-08 15:21:25:173  [TID      27548][INFO    ] >> Custom configuration method [dmvcframework]
2021-11-08 15:21:25:173  [TID      27548][INFO    ] << Custom configuration method [dmvcframework]
2021-11-08 15:21:25:173  [TID      27548][INFO    ] ENTER: LoadSystemControllers [dmvcframework]
2021-11-08 15:21:25:173  [TID      27548][INFO    ] EXIT: LoadSystemControllers [dmvcframework]
2021-11-08 15:21:25:183  [TID      27548][INFO    ] GET:/api/customer/1 [0:0:0:0:0:0:0:1] -> Customer.Controller.TCustomerController.GetCustomerByID - 200 OK [dmvcframework]
2021-11-08 15:21:25:938  [TID      27548][INFO    ] GET:/api/customer/1 [0:0:0:0:0:0:0:1] -> Customer.Controller.TCustomerController.GetCustomerByID - 200 OK [dmvcframework]
2021-11-08 15:21:26:560  [TID      27548][INFO    ] GET:/api/customer/1 [0:0:0:0:0:0:0:1] -> Customer.Controller.TCustomerController.GetCustomerByID - 200 OK [dmvcframework]
2021-11-08 15:21:27:202  [TID      27548][INFO    ] GET:/api/customer/1 [0:0:0:0:0:0:0:1] -> Customer.Controller.TCustomerController.GetCustomerByID - 200 OK [dmvcframework]
2021-11-08 15:21:33:679  [TID      27548][INFO    ] GET:/api/customer/2 [0:0:0:0:0:0:0:1] -> Customer.Controller.TCustomerController.GetCustomerByID - 200 OK [dmvcframework]
2021-11-08 15:21:34:674  [TID      27548][INFO    ] GET:/api/customer/2 [0:0:0:0:0:0:0:1] -> Customer.Controller.TCustomerController.GetCustomerByID - 200 OK [dmvcframework]
2021-11-08 15:21:35:271  [TID      27548][INFO    ] GET:/api/customer/2 [0:0:0:0:0:0:0:1] -> Customer.Controller.TCustomerController.GetCustomerByID - 200 OK [dmvcframework]
2021-11-08 15:21:35:904  [TID      27548][INFO    ] GET:/api/customer/2 [0:0:0:0:0:0:0:1] -> Customer.Controller.TCustomerController.GetCustomerByID - 200 OK [dmvcframework]
2021-11-08 15:21:36:498  [TID      27548][INFO    ] GET:/api/customer/2 [0:0:0:0:0:0:0:1] -> Customer.Controller.TCustomerController.GetCustomerByID - 200 OK [dmvcframework]
2021-11-08 15:21:37:139  [TID      27548][INFO    ] GET:/api/customer/2 [0:0:0:0:0:0:0:1] -> Customer.Controller.TCustomerController.GetCustomerByID - 200 OK [dmvcframework]
2021-11-08 15:21:37:659  [TID      27548][INFO    ] GET:/api/customer/2 [0:0:0:0:0:0:0:1] -> Customer.Controller.TCustomerController.GetCustomerByID - 200 OK [dmvcframework]
2021-11-08 15:21:38:211  [TID      27548][INFO    ] GET:/api/customer/2 [0:0:0:0:0:0:0:1] -> Customer.Controller.TCustomerController.GetCustomerByID - 200 OK [dmvcframework]
2021-11-08 15:21:38:761  [TID      27548][INFO    ] GET:/api/customer/2 [0:0:0:0:0:0:0:1] -> Customer.Controller.TCustomerController.GetCustomerByID - 200 OK [dmvcframework]
2021-11-08 15:21:39:320  [TID      27548][INFO    ] GET:/api/customer/2 [0:0:0:0:0:0:0:1] -> Customer.Controller.TCustomerController.GetCustomerByID - 200 OK [dmvcframework]
2021-11-08 15:21:39:826  [TID      27548][INFO    ] GET:/api/customer/2 [0:0:0:0:0:0:0:1] -> Customer.Controller.TCustomerController.GetCustomerByID - 200 OK [dmvcframework]
2021-11-08 15:21:40:313  [TID      27548][INFO    ] GET:/api/customer/2 [0:0:0:0:0:0:0:1] -> Customer.Controller.TCustomerController.GetCustomerByID - 200 OK [dmvcframework]
2021-11-08 15:21:40:862  [TID      27548][INFO    ] GET:/api/customer/2 [0:0:0:0:0:0:0:1] -> Customer.Controller.TCustomerController.GetCustomerByID - 200 OK [dmvcframework]
2021-11-08 15:21:41:433  [TID      27548][INFO    ] GET:/api/customer/2 [0:0:0:0:0:0:0:1] -> Customer.Controller.TCustomerController.GetCustomerByID - 200 OK [dmvcframework]
2021-11-08 15:21:42:064  [TID      27548][INFO    ] GET:/api/customer/2 [0:0:0:0:0:0:0:1] -> Customer.Controller.TCustomerController.GetCustomerByID - 200 OK [dmvcframework]
2021-11-08 15:21:42:706  [TID      27548][INFO    ] GET:/api/customer/2 [0:0:0:0:0:0:0:1] -> Customer.Controller.TCustomerController.GetCustomerByID - 200 OK [dmvcframework]
2021-11-08 15:21:43:542  [TID      27548][INFO    ] GET:/api/customer/2 [0:0:0:0:0:0:0:1] -> Customer.Controller.TCustomerController.GetCustomerByID - 200 OK [dmvcframework]
2021-11-08 15:21:44:522  [TID      27548][INFO    ] GET:/api/customer/2 [0:0:0:0:0:0:0:1] -> Customer.Controller.TCustomerController.GetCustomerByID - 200 OK [dmvcframework]
2021-11-08 15:21:45:583  [TID      27548][INFO    ] GET:/api/customer/2 [0:0:0:0:0:0:0:1] -> Customer.Controller.TCustomerController.GetCustomerByID - 200 OK [dmvcframework]
2021-11-08 15:21:46:051  [TID      27548][INFO    ] GET:/api/customer/2 [0:0:0:0:0:0:0:1] -> Customer.Controller.TCustomerController.GetCustomerByID - 200 OK [dmvcframework]
2021-11-08 15:21:46:669  [TID      27548][INFO    ] GET:/api/customer/2 [0:0:0:0:0:0:0:1] -> Customer.Controller.TCustomerController.GetCustomerByID - 200 OK [dmvcframework]
2021-11-08 15:21:47:326  [TID      27548][INFO    ] GET:/api/customer/2 [0:0:0:0:0:0:0:1] -> Customer.Controller.TCustomerController.GetCustomerByID - 200 OK [dmvcframework]
2021-11-08 15:21:48:514  [TID      27548][INFO    ] GET:/api/customer/2 [0:0:0:0:0:0:0:1] -> Customer.Controller.TCustomerController.GetCustomerByID - 200 OK [dmvcframework]
2021-11-08 15:29:18:593  [TID      13536][INFO    ] Default Logger initialized [dmvcframework]
2021-11-08 15:29:18:593  [TID      13536][INFO    ] Server started on port 8080 [dmvcframework]
2021-11-08 15:30:37:192  [TID       9116][INFO    ] Default Logger initialized [dmvcframework]
2021-11-08 15:30:37:192  [TID       9116][INFO    ] Server started on port 8080 [dmvcframework]
2021-11-08 15:30:55:677  [TID      20912][INFO    ] ENTER: Config default values [dmvcframework]
2021-11-08 15:30:55:677  [TID      20912][INFO    ] EXIT: Config default values [dmvcframework]
2021-11-08 15:30:55:677  [TID      20912][INFO    ] >> Custom configuration method [dmvcframework]
2021-11-08 15:30:55:677  [TID      20912][INFO    ] << Custom configuration method [dmvcframework]
2021-11-08 15:30:55:677  [TID      20912][INFO    ] ENTER: LoadSystemControllers [dmvcframework]
2021-11-08 15:30:55:677  [TID      20912][INFO    ] EXIT: LoadSystemControllers [dmvcframework]
2021-11-08 15:30:55:687  [TID      20912][INFO    ] GET:/api/customer/2 [0:0:0:0:0:0:0:1] -> Customer.Controller.TCustomerController.GetCustomerByID - 200 OK [dmvcframework]
2021-11-08 15:30:58:294  [TID      20912][INFO    ] GET:/api/customer/2 [0:0:0:0:0:0:0:1] -> Customer.Controller.TCustomerController.GetCustomerByID - 200 OK [dmvcframework]
2021-11-08 15:30:59:009  [TID      20912][INFO    ] GET:/api/customer/2 [0:0:0:0:0:0:0:1] -> Customer.Controller.TCustomerController.GetCustomerByID - 200 OK [dmvcframework]
2021-11-08 15:30:59:756  [TID      20912][INFO    ] GET:/api/customer/2 [0:0:0:0:0:0:0:1] -> Customer.Controller.TCustomerController.GetCustomerByID - 200 OK [dmvcframework]
2021-11-08 15:31:26:822  [TID      13224][INFO    ] Default Logger initialized [dmvcframework]
2021-11-08 15:31:26:822  [TID      13224][INFO    ] Server started on port 8080 [dmvcframework]
2021-11-08 15:31:28:893  [TID       7592][INFO    ] ENTER: Config default values [dmvcframework]
2021-11-08 15:31:28:893  [TID       7592][INFO    ] EXIT: Config default values [dmvcframework]
2021-11-08 15:31:28:893  [TID       7592][INFO    ] >> Custom configuration method [dmvcframework]
2021-11-08 15:31:28:893  [TID       7592][INFO    ] << Custom configuration method [dmvcframework]
2021-11-08 15:31:28:893  [TID       7592][INFO    ] ENTER: LoadSystemControllers [dmvcframework]
2021-11-08 15:31:28:893  [TID       7592][INFO    ] EXIT: LoadSystemControllers [dmvcframework]
2021-11-08 15:31:28:904  [TID       7592][INFO    ] GET:/api/customer/2 [0:0:0:0:0:0:0:1] -> Customer.Controller.TCustomerController.GetCustomerByID - 200 OK [dmvcframework]
2021-11-08 15:32:01:869  [TID       7592][INFO    ] GET:/api/customer/2 [0:0:0:0:0:0:0:1] -> Customer.Controller.TCustomerController.GetCustomerByID - 200 OK [dmvcframework]
2021-11-08 15:32:06:091  [TID       7592][INFO    ] GET:/api/customer/2 [0:0:0:0:0:0:0:1] -> Customer.Controller.TCustomerController.GetCustomerByID - 200 OK [dmvcframework]
2021-11-08 15:32:06:983  [TID       7592][INFO    ] GET:/api/customer/2 [0:0:0:0:0:0:0:1] -> Customer.Controller.TCustomerController.GetCustomerByID - 200 OK [dmvcframework]
2021-11-08 15:32:08:384  [TID       7592][INFO    ] GET:/api/customer/2 [0:0:0:0:0:0:0:1] -> Customer.Controller.TCustomerController.GetCustomerByID - 200 OK [dmvcframework]
2021-11-08 15:32:09:199  [TID       7592][INFO    ] GET:/api/customer/2 [0:0:0:0:0:0:0:1] -> Customer.Controller.TCustomerController.GetCustomerByID - 200 OK [dmvcframework]
2021-11-08 15:32:09:920  [TID       7592][INFO    ] GET:/api/customer/2 [0:0:0:0:0:0:0:1] -> Customer.Controller.TCustomerController.GetCustomerByID - 200 OK [dmvcframework]
2021-11-08 15:32:10:487  [TID       7592][INFO    ] GET:/api/customer/2 [0:0:0:0:0:0:0:1] -> Customer.Controller.TCustomerController.GetCustomerByID - 200 OK [dmvcframework]
2021-11-08 15:32:11:068  [TID       7592][INFO    ] GET:/api/customer/2 [0:0:0:0:0:0:0:1] -> Customer.Controller.TCustomerController.GetCustomerByID - 200 OK [dmvcframework]
